<?xml version="1.0" encoding="UTF-8"?>
<testsuites name="Checkout Blue Jeans" time="57.107" tests="1" failures="0" errors="0">
   <testsuite name="Checkout Blue Jeans" tests="1" failures="0" errors="0" time="57.107" skipped="0" timestamp="2023-09-25 23:36:25" hostname="jan.mark.p.caratao - CBEN-93WY3D3-LX.dir.svc.accenture.com" id="Test Suites/Checkout Blue Jeans">
      <properties>
         <property name="deviceName" value=""/>
         <property name="devicePlatform" value=""/>
         <property name="logFolder" value="C:\\Users\\jan.mark.p.caratao\\git\\DemoWebShop\\Reports\\20230925_233420\\Checkout Blue Jeans\\20230925_233426"/>
         <property name="logFiles" value="C:\\Users\\jan.mark.p.caratao\\git\\DemoWebShop\\Reports\\20230925_233420\\Checkout Blue Jeans\\20230925_233426\\execution0.log"/>
         <property name="attachments" value="C:\\Users\\jan.mark.p.caratao\\git\\DemoWebShop\\Reports\\20230925_233420\\Checkout Blue Jeans\\20230925_233426\\1695656207481.png"/>
         <property name="hostName" value="jan.mark.p.caratao - CBEN-93WY3D3-LX.dir.svc.accenture.com"/>
         <property name="os" value="Windows 11 64bit"/>
         <property name="katalonVersion" value="8.6.8.208"/>
         <property name="browser" value="Chrome 116.0.0.0"/>
         <property name="hostAddress" value="192.168.68.114"/>
         <property name="sessionId" value="e1de6c421ce433844a08bce7173da1f7"/>
         <property name="seleniumVersion" value="3.141.59"/>
         <property name="proxyInformation" value="ProxyInformation { proxyOption=NO_PROXY, proxyServerType=HTTP, username=, password=********, proxyServerAddress=, proxyServerPort=0, executionList=&quot;&quot;, isApplyToDesiredCapabilities=true }"/>
         <property name="platform" value="Windows 11"/>
      </properties>
      <testcase name="Test Cases/Confirm Order" time="56.758" classname="Test Cases/Confirm Order" status="PASSED">
         <system-out><![CDATA[2023-09-25 23:36:26 - [TEST_CASE][PASSED] - Test Cases/Confirm Order: Test Cases/Confirm Order

2023-09-25 23:36:26 - [TEST_STEP][PASSED] - callTestCase(findTestCase("Enter Payment Information"), [:], STOP_ON_FAILURE): Call Test Case 'Test Cases/Enter Payment Information' successfully

2023-09-25 23:36:26 - [TEST_CASE][PASSED] - Test Cases/Enter Payment Information: Test Cases/Enter Payment Information

2023-09-25 23:36:27 - [TEST_STEP][PASSED] - callTestCase(findTestCase("Select Payment Method"), [:], STOP_ON_FAILURE): Call Test Case 'Test Cases/Select Payment Method' successfully

2023-09-25 23:36:27 - [TEST_CASE][PASSED] - Test Cases/Select Payment Method: Test Cases/Select Payment Method

2023-09-25 23:36:27 - [TEST_STEP][PASSED] - callTestCase(findTestCase("Select Shipping Address"), [:], STOP_ON_FAILURE): Call Test Case 'Test Cases/Select Shipping Address' successfully

2023-09-25 23:36:28 - [TEST_CASE][PASSED] - Test Cases/Select Shipping Address: Test Cases/Select Shipping Address

2023-09-25 23:36:28 - [TEST_STEP][PASSED] - callTestCase(findTestCase("Select Billing Address"), [:], STOP_ON_FAILURE): Call Test Case 'Test Cases/Select Billing Address' successfully

2023-09-25 23:36:28 - [TEST_CASE][PASSED] - Test Cases/Select Billing Address: Test Cases/Select Billing Address

2023-09-25 23:36:28 - [TEST_STEP][PASSED] - callTestCase(findTestCase("Checkout Blue Jeans"), [:], STOP_ON_FAILURE): Call Test Case 'Test Cases/Checkout Blue Jeans' successfully

2023-09-25 23:36:29 - [TEST_CASE][PASSED] - Test Cases/Checkout Blue Jeans: Test Cases/Checkout Blue Jeans

2023-09-25 23:36:29 - [TEST_STEP][PASSED] - callTestCase(findTestCase("Add Blue Jeans"), [:], STOP_ON_FAILURE): Call Test Case 'Test Cases/Add Blue Jeans' successfully

2023-09-25 23:36:29 - [TEST_CASE][PASSED] - Test Cases/Add Blue Jeans: Test Cases/Add Blue Jeans

2023-09-25 23:36:29 - [TEST_STEP][PASSED] - callTestCase(findTestCase("Search Blue Jeans"), [:], STOP_ON_FAILURE): Call Test Case 'Test Cases/Search Blue Jeans' successfully

2023-09-25 23:36:29 - [TEST_CASE][PASSED] - Test Cases/Search Blue Jeans: Test Cases/Search Blue Jeans

2023-09-25 23:36:30 - [TEST_STEP][PASSED] - callTestCase(findTestCase("Login Test"), [:], STOP_ON_FAILURE): Call Test Case 'Test Cases/Login Test' successfully

2023-09-25 23:36:30 - [TEST_CASE][PASSED] - Test Cases/Login Test: Test Cases/Login Test

2023-09-25 23:36:30 - [TEST_STEP][PASSED] - openBrowser(""): Browser is opened with url: ''

2023-09-25 23:36:30 - [MESSAGE][INFO] - Starting 'Chrome' driver

2023-09-25 23:36:30 - [MESSAGE][INFO] - Action delay is set to 0 milliseconds

2023-09-25 23:36:35 - [MESSAGE][PASSED] - Browser is opened with url: ''

2023-09-25 23:36:35 - [TEST_STEP][PASSED] - navigateToUrl("https://demowebshop.tricentis.com/"): Navigate to 'https://demowebshop.tricentis.com/' successfully

2023-09-25 23:36:39 - [MESSAGE][PASSED] - Navigate to 'https://demowebshop.tricentis.com/' successfully

2023-09-25 23:36:39 - [TEST_STEP][PASSED] - click(findTestObject("Object Repository/Page_Demo Web Shop/a_Log in")): Object: 'Object Repository/Page_Demo Web Shop/a_Log in' is clicked on

2023-09-25 23:36:40 - [MESSAGE][PASSED] - Object: 'Object Repository/Page_Demo Web Shop/a_Log in' is clicked on

2023-09-25 23:36:40 - [TEST_STEP][PASSED] - setText(findTestObject("Object Repository/Page_Demo Web Shop. Login/input_Email_Email"), "johnny.bravo@test123.com"): Text 'johnny.bravo@test123.com' is set on object 'Object Repository/Page_Demo Web Shop. Login/input_Email_Email'

2023-09-25 23:36:40 - [MESSAGE][PASSED] - Text 'johnny.bravo@test123.com' is set on object 'Object Repository/Page_Demo Web Shop. Login/input_Email_Email'

2023-09-25 23:36:40 - [TEST_STEP][PASSED] - setEncryptedText(findTestObject("Object Repository/Page_Demo Web Shop. Login/input_Password_Password"), "P22/mDurbpLSFE+NeTSSNA=="): Text ****** has been set on object 'Object Repository/Page_Demo Web Shop. Login/input_Password_Password'

2023-09-25 23:36:41 - [MESSAGE][PASSED] - Text ****** has been set on object 'Object Repository/Page_Demo Web Shop. Login/input_Password_Password'

2023-09-25 23:36:41 - [TEST_STEP][PASSED] - click(findTestObject("Object Repository/Page_Demo Web Shop. Login/input_Password_RememberMe")): Object: 'Object Repository/Page_Demo Web Shop. Login/input_Password_RememberMe' is clicked on

2023-09-25 23:36:42 - [MESSAGE][PASSED] - Object: 'Object Repository/Page_Demo Web Shop. Login/input_Password_RememberMe' is clicked on

2023-09-25 23:36:42 - [TEST_STEP][PASSED] - click(findTestObject("Object Repository/Page_Demo Web Shop. Login/input_Forgot password_button-1 login-button")): Object: 'Object Repository/Page_Demo Web Shop. Login/input_Forgot password_button-1 login-button' is clicked on

2023-09-25 23:36:43 - [MESSAGE][PASSED] - Object: 'Object Repository/Page_Demo Web Shop. Login/input_Forgot password_button-1 login-button' is clicked on

2023-09-25 23:36:43 - [TEST_STEP][PASSED] - verifyElementPresent(findTestObject("Object Repository/Page_Demo Web Shop/a_Log out"), 0): Object 'Object Repository/Page_Demo Web Shop/a_Log out' is present

2023-09-25 23:36:43 - [MESSAGE][WARNING] - Timeout '0' is invalid. Using default page load timeout: '30'

2023-09-25 23:36:43 - [MESSAGE][PASSED] - Object 'Object Repository/Page_Demo Web Shop/a_Log out' is present

2023-09-25 23:36:43 - [MESSAGE][PASSED] - Call Test Case 'Test Cases/Login Test' successfully

2023-09-25 23:36:43 - [TEST_STEP][PASSED] - callTestCase(findTestCase("Clear Shopping Cart"), [:], STOP_ON_FAILURE): Call Test Case 'Test Cases/Clear Shopping Cart' successfully

2023-09-25 23:36:43 - [TEST_CASE][PASSED] - Test Cases/Clear Shopping Cart: Test Cases/Clear Shopping Cart

2023-09-25 23:36:44 - [TEST_STEP][PASSED] - click(findTestObject("Object Repository/Page_Demo Web Shop/span_Shopping cart")): Object: 'Object Repository/Page_Demo Web Shop/span_Shopping cart' is clicked on

2023-09-25 23:36:45 - [MESSAGE][PASSED] - Object: 'Object Repository/Page_Demo Web Shop/span_Shopping cart' is clicked on

2023-09-25 23:36:45 - [TEST_STEP][PASSED] - if (verifyElementPresent(findTestObject("Object Repository/Page_Demo Web Shop. Shopping Cart/a_Blue Jeans"), 1, OPTIONAL)): com.kms.katalon.core.webui.exception.WebElementNotFoundException: Web element with id: 'Object Repository/Page_Demo Web Shop. Shopping Cart/a_Blue Jeans' located by '(//a[contains(text(),'Blue Jeans')])[2]' not found (Root cause: com.kms.katalon.core.exception.StepFailedException: com.kms.katalon.core.webui.exception.WebElementNotFoundException: Web element with id: 'Object Repository/Page_Demo Web Shop. Shopping Cart/a_Blue Jeans' located by '(//a[contains(text(),'Blue Jeans')])[2]' not found
	at com.kms.katalon.core.webui.keyword.internal.WebUIKeywordMain.stepFailed(WebUIKeywordMain.groovy:64)
	at com.kms.katalon.core.webui.keyword.builtin.VerifyElementPresentKeyword$_verifyElementPresent_closure1.doCall(VerifyElementPresentKeyword.groovy:85)
	at com.kms.katalon.core.webui.keyword.builtin.VerifyElementPresentKeyword$_verifyElementPresent_closure1.call(VerifyElementPresentKeyword.groovy)
	at com.kms.katalon.core.webui.keyword.internal.WebUIKeywordMain.runKeyword(WebUIKeywordMain.groovy:20)
	at com.kms.katalon.core.webui.keyword.builtin.VerifyElementPresentKeyword.verifyElementPresent(VerifyElementPresentKeyword.groovy:92)
	at com.kms.katalon.core.webui.keyword.builtin.VerifyElementPresentKeyword.execute(VerifyElementPresentKeyword.groovy:68)
	at com.kms.katalon.core.keyword.internal.KeywordExecutor.executeKeywordForPlatform(KeywordExecutor.groovy:74)
	at com.kms.katalon.core.webui.keyword.WebUiBuiltInKeywords.verifyElementPresent(WebUiBuiltInKeywords.groovy:1448)
	at com.kms.katalon.core.webui.keyword.WebUiBuiltInKeywords$verifyElementPresent$5.call(Unknown Source)
	at Clear Shopping Cart.run(Clear Shopping Cart:22)
	at com.kms.katalon.core.main.ScriptEngine.run(ScriptEngine.java:194)
	at com.kms.katalon.core.main.ScriptEngine.runScriptAsRawText(ScriptEngine.java:119)
	at com.kms.katalon.core.main.TestCaseExecutor.runScript(TestCaseExecutor.java:448)
	at com.kms.katalon.core.main.TestCaseExecutor.doExecute(TestCaseExecutor.java:439)
	at com.kms.katalon.core.main.TestCaseExecutor.processExecutionPhase(TestCaseExecutor.java:418)
	at com.kms.katalon.core.main.TestCaseExecutor.accessMainPhase(TestCaseExecutor.java:410)
	at com.kms.katalon.core.main.TestCaseExecutor.execute(TestCaseExecutor.java:285)
	at com.kms.katalon.core.main.TestCaseMain.runTestCase(TestCaseMain.java:144)
	at com.kms.katalon.core.keyword.builtin.CallTestCaseKeyword$_callTestCase_closure1.doCall(CallTestCaseKeyword.groovy:59)
	at com.kms.katalon.core.keyword.builtin.CallTestCaseKeyword$_callTestCase_closure1.call(CallTestCaseKeyword.groovy)
	at com.kms.katalon.core.keyword.internal.KeywordMain.runKeyword(KeywordMain.groovy:75)
	at com.kms.katalon.core.keyword.builtin.CallTestCaseKeyword.callTestCase(CallTestCaseKeyword.groovy:81)
	at com.kms.katalon.core.keyword.builtin.CallTestCaseKeyword.execute(CallTestCaseKeyword.groovy:44)
	at com.kms.katalon.core.keyword.internal.KeywordExecutor.executeKeywordForPlatform(KeywordExecutor.groovy:74)
	at com.kms.katalon.core.keyword.BuiltinKeywords.callTestCase(BuiltinKeywords.groovy:310)
	at Search Blue Jeans.run(Search Blue Jeans:22)
	at com.kms.katalon.core.main.ScriptEngine.run(ScriptEngine.java:194)
	at com.kms.katalon.core.main.ScriptEngine.runScriptAsRawText(ScriptEngine.java:119)
	at com.kms.katalon.core.main.TestCaseExecutor.runScript(TestCaseExecutor.java:448)
	at com.kms.katalon.core.main.TestCaseExecutor.doExecute(TestCaseExecutor.java:439)
	at com.kms.katalon.core.main.TestCaseExecutor.processExecutionPhase(TestCaseExecutor.java:418)
	at com.kms.katalon.core.main.TestCaseExecutor.accessMainPhase(TestCaseExecutor.java:410)
	at com.kms.katalon.core.main.TestCaseExecutor.execute(TestCaseExecutor.java:285)
	at com.kms.katalon.core.main.TestCaseMain.runTestCase(TestCaseMain.java:144)
	at com.kms.katalon.core.keyword.builtin.CallTestCaseKeyword$_callTestCase_closure1.doCall(CallTestCaseKeyword.groovy:59)
	at com.kms.katalon.core.keyword.builtin.CallTestCaseKeyword$_callTestCase_closure1.call(CallTestCaseKeyword.groovy)
	at com.kms.katalon.core.keyword.internal.KeywordMain.runKeyword(KeywordMain.groovy:75)
	at com.kms.katalon.core.keyword.builtin.CallTestCaseKeyword.callTestCase(CallTestCaseKeyword.groovy:81)
	at com.kms.katalon.core.keyword.builtin.CallTestCaseKeyword.execute(CallTestCaseKeyword.groovy:44)
	at com.kms.katalon.core.keyword.internal.KeywordExecutor.executeKeywordForPlatform(KeywordExecutor.groovy:74)
	at com.kms.katalon.core.keyword.BuiltinKeywords.callTestCase(BuiltinKeywords.groovy:310)
	at Add Blue Jeans.run(Add Blue Jeans:20)
	at com.kms.katalon.core.main.ScriptEngine.run(ScriptEngine.java:194)
	at com.kms.katalon.core.main.ScriptEngine.runScriptAsRawText(ScriptEngine.java:119)
	at com.kms.katalon.core.main.TestCaseExecutor.runScript(TestCaseExecutor.java:448)
	at com.kms.katalon.core.main.TestCaseExecutor.doExecute(TestCaseExecutor.java:439)
	at com.kms.katalon.core.main.TestCaseExecutor.processExecutionPhase(TestCaseExecutor.java:418)
	at com.kms.katalon.core.main.TestCaseExecutor.accessMainPhase(TestCaseExecutor.java:410)
	at com.kms.katalon.core.main.TestCaseExecutor.execute(TestCaseExecutor.java:285)
	at com.kms.katalon.core.main.TestCaseMain.runTestCase(TestCaseMain.java:144)
	at com.kms.katalon.core.keyword.builtin.CallTestCaseKeyword$_callTestCase_closure1.doCall(CallTestCaseKeyword.groovy:59)
	at com.kms.katalon.core.keyword.builtin.CallTestCaseKeyword$_callTestCase_closure1.call(CallTestCaseKeyword.groovy)
	at com.kms.katalon.core.keyword.internal.KeywordMain.runKeyword(KeywordMain.groovy:75)
	at com.kms.katalon.core.keyword.builtin.CallTestCaseKeyword.callTestCase(CallTestCaseKeyword.groovy:81)
	at com.kms.katalon.core.keyword.builtin.CallTestCaseKeyword.execute(CallTestCaseKeyword.groovy:44)
	at com.kms.katalon.core.keyword.internal.KeywordExecutor.executeKeywordForPlatform(KeywordExecutor.groovy:74)
	at com.kms.katalon.core.keyword.BuiltinKeywords.callTestCase(BuiltinKeywords.groovy:310)
	at Checkout Blue Jeans.run(Checkout Blue Jeans:20)
	at com.kms.katalon.core.main.ScriptEngine.run(ScriptEngine.java:194)
	at com.kms.katalon.core.main.ScriptEngine.runScriptAsRawText(ScriptEngine.java:119)
	at com.kms.katalon.core.main.TestCaseExecutor.runScript(TestCaseExecutor.java:448)
	at com.kms.katalon.core.main.TestCaseExecutor.doExecute(TestCaseExecutor.java:439)
	at com.kms.katalon.core.main.TestCaseExecutor.processExecutionPhase(TestCaseExecutor.java:418)
	at com.kms.katalon.core.main.TestCaseExecutor.accessMainPhase(TestCaseExecutor.java:410)
	at com.kms.katalon.core.main.TestCaseExecutor.execute(TestCaseExecutor.java:285)
	at com.kms.katalon.core.main.TestCaseMain.runTestCase(TestCaseMain.java:144)
	at com.kms.katalon.core.keyword.builtin.CallTestCaseKeyword$_callTestCase_closure1.doCall(CallTestCaseKeyword.groovy:59)
	at com.kms.katalon.core.keyword.builtin.CallTestCaseKeyword$_callTestCase_closure1.call(CallTestCaseKeyword.groovy)
	at com.kms.katalon.core.keyword.internal.KeywordMain.runKeyword(KeywordMain.groovy:75)
	at com.kms.katalon.core.keyword.builtin.CallTestCaseKeyword.callTestCase(CallTestCaseKeyword.groovy:81)
	at com.kms.katalon.core.keyword.builtin.CallTestCaseKeyword.execute(CallTestCaseKeyword.groovy:44)
	at com.kms.katalon.core.keyword.internal.KeywordExecutor.executeKeywordForPlatform(KeywordExecutor.groovy:74)
	at com.kms.katalon.core.keyword.BuiltinKeywords.callTestCase(BuiltinKeywords.groovy:310)
	at Select Billing Address.run(Select Billing Address:20)
	at com.kms.katalon.core.main.ScriptEngine.run(ScriptEngine.java:194)
	at com.kms.katalon.core.main.ScriptEngine.runScriptAsRawText(ScriptEngine.java:119)
	at com.kms.katalon.core.main.TestCaseExecutor.runScript(TestCaseExecutor.java:448)
	at com.kms.katalon.core.main.TestCaseExecutor.doExecute(TestCaseExecutor.java:439)
	at com.kms.katalon.core.main.TestCaseExecutor.processExecutionPhase(TestCaseExecutor.java:418)
	at com.kms.katalon.core.main.TestCaseExecutor.accessMainPhase(TestCaseExecutor.java:410)
	at com.kms.katalon.core.main.TestCaseExecutor.execute(TestCaseExecutor.java:285)
	at com.kms.katalon.core.main.TestCaseMain.runTestCase(TestCaseMain.java:144)
	at com.kms.katalon.core.keyword.builtin.CallTestCaseKeyword$_callTestCase_closure1.doCall(CallTestCaseKeyword.groovy:59)
	at com.kms.katalon.core.keyword.builtin.CallTestCaseKeyword$_callTestCase_closure1.call(CallTestCaseKeyword.groovy)
	at com.kms.katalon.core.keyword.internal.KeywordMain.runKeyword(KeywordMain.groovy:75)
	at com.kms.katalon.core.keyword.builtin.CallTestCaseKeyword.callTestCase(CallTestCaseKeyword.groovy:81)
	at com.kms.katalon.core.keyword.builtin.CallTestCaseKeyword.execute(CallTestCaseKeyword.groovy:44)
	at com.kms.katalon.core.keyword.internal.KeywordExecutor.executeKeywordForPlatform(KeywordExecutor.groovy:74)
	at com.kms.katalon.core.keyword.BuiltinKeywords.callTestCase(BuiltinKeywords.groovy:310)
	at Select Shipping Address.run(Select Shipping Address:20)
	at com.kms.katalon.core.main.ScriptEngine.run(ScriptEngine.java:194)
	at com.kms.katalon.core.main.ScriptEngine.runScriptAsRawText(ScriptEngine.java:119)
	at com.kms.katalon.core.main.TestCaseExecutor.runScript(TestCaseExecutor.java:448)
	at com.kms.katalon.core.main.TestCaseExecutor.doExecute(TestCaseExecutor.java:439)
	at com.kms.katalon.core.main.TestCaseExecutor.processExecutionPhase(TestCaseExecutor.java:418)
	at com.kms.katalon.core.main.TestCaseExecutor.accessMainPhase(TestCaseExecutor.java:410)
	at com.kms.katalon.core.main.TestCaseExecutor.execute(TestCaseExecutor.java:285)
	at com.kms.katalon.core.main.TestCaseMain.runTestCase(TestCaseMain.java:144)
	at com.kms.katalon.core.keyword.builtin.CallTestCaseKeyword$_callTestCase_closure1.doCall(CallTestCaseKeyword.groovy:59)
	at com.kms.katalon.core.keyword.builtin.CallTestCaseKeyword$_callTestCase_closure1.call(CallTestCaseKeyword.groovy)
	at com.kms.katalon.core.keyword.internal.KeywordMain.runKeyword(KeywordMain.groovy:75)
	at com.kms.katalon.core.keyword.builtin.CallTestCaseKeyword.callTestCase(CallTestCaseKeyword.groovy:81)
	at com.kms.katalon.core.keyword.builtin.CallTestCaseKeyword.execute(CallTestCaseKeyword.groovy:44)
	at com.kms.katalon.core.keyword.internal.KeywordExecutor.executeKeywordForPlatform(KeywordExecutor.groovy:74)
	at com.kms.katalon.core.keyword.BuiltinKeywords.callTestCase(BuiltinKeywords.groovy:310)
	at Select Payment Method.run(Select Payment Method:20)
	at com.kms.katalon.core.main.ScriptEngine.run(ScriptEngine.java:194)
	at com.kms.katalon.core.main.ScriptEngine.runScriptAsRawText(ScriptEngine.java:119)
	at com.kms.katalon.core.main.TestCaseExecutor.runScript(TestCaseExecutor.java:448)
	at com.kms.katalon.core.main.TestCaseExecutor.doExecute(TestCaseExecutor.java:439)
	at com.kms.katalon.core.main.TestCaseExecutor.processExecutionPhase(TestCaseExecutor.java:418)
	at com.kms.katalon.core.main.TestCaseExecutor.accessMainPhase(TestCaseExecutor.java:410)
	at com.kms.katalon.core.main.TestCaseExecutor.execute(TestCaseExecutor.java:285)
	at com.kms.katalon.core.main.TestCaseMain.runTestCase(TestCaseMain.java:144)
	at com.kms.katalon.core.keyword.builtin.CallTestCaseKeyword$_callTestCase_closure1.doCall(CallTestCaseKeyword.groovy:59)
	at com.kms.katalon.core.keyword.builtin.CallTestCaseKeyword$_callTestCase_closure1.call(CallTestCaseKeyword.groovy)
	at com.kms.katalon.core.keyword.internal.KeywordMain.runKeyword(KeywordMain.groovy:75)
	at com.kms.katalon.core.keyword.builtin.CallTestCaseKeyword.callTestCase(CallTestCaseKeyword.groovy:81)
	at com.kms.katalon.core.keyword.builtin.CallTestCaseKeyword.execute(CallTestCaseKeyword.groovy:44)
	at com.kms.katalon.core.keyword.internal.KeywordExecutor.executeKeywordForPlatform(KeywordExecutor.groovy:74)
	at com.kms.katalon.core.keyword.BuiltinKeywords.callTestCase(BuiltinKeywords.groovy:310)
	at Enter Payment Information.run(Enter Payment Information:20)
	at com.kms.katalon.core.main.ScriptEngine.run(ScriptEngine.java:194)
	at com.kms.katalon.core.main.ScriptEngine.runScriptAsRawText(ScriptEngine.java:119)
	at com.kms.katalon.core.main.TestCaseExecutor.runScript(TestCaseExecutor.java:448)
	at com.kms.katalon.core.main.TestCaseExecutor.doExecute(TestCaseExecutor.java:439)
	at com.kms.katalon.core.main.TestCaseExecutor.processExecutionPhase(TestCaseExecutor.java:418)
	at com.kms.katalon.core.main.TestCaseExecutor.accessMainPhase(TestCaseExecutor.java:410)
	at com.kms.katalon.core.main.TestCaseExecutor.execute(TestCaseExecutor.java:285)
	at com.kms.katalon.core.main.TestCaseMain.runTestCase(TestCaseMain.java:144)
	at com.kms.katalon.core.keyword.builtin.CallTestCaseKeyword$_callTestCase_closure1.doCall(CallTestCaseKeyword.groovy:59)
	at com.kms.katalon.core.keyword.builtin.CallTestCaseKeyword$_callTestCase_closure1.call(CallTestCaseKeyword.groovy)
	at com.kms.katalon.core.keyword.internal.KeywordMain.runKeyword(KeywordMain.groovy:75)
	at com.kms.katalon.core.keyword.builtin.CallTestCaseKeyword.callTestCase(CallTestCaseKeyword.groovy:81)
	at com.kms.katalon.core.keyword.builtin.CallTestCaseKeyword.execute(CallTestCaseKeyword.groovy:44)
	at com.kms.katalon.core.keyword.internal.KeywordExecutor.executeKeywordForPlatform(KeywordExecutor.groovy:74)
	at com.kms.katalon.core.keyword.BuiltinKeywords.callTestCase(BuiltinKeywords.groovy:310)
	at Confirm Order.run(Confirm Order:20)
	at com.kms.katalon.core.main.ScriptEngine.run(ScriptEngine.java:194)
	at com.kms.katalon.core.main.ScriptEngine.runScriptAsRawText(ScriptEngine.java:119)
	at com.kms.katalon.core.main.TestCaseExecutor.runScript(TestCaseExecutor.java:448)
	at com.kms.katalon.core.main.TestCaseExecutor.doExecute(TestCaseExecutor.java:439)
	at com.kms.katalon.core.main.TestCaseExecutor.processExecutionPhase(TestCaseExecutor.java:418)
	at com.kms.katalon.core.main.TestCaseExecutor.accessMainPhase(TestCaseExecutor.java:410)
	at com.kms.katalon.core.main.TestCaseExecutor.execute(TestCaseExecutor.java:285)
	at com.kms.katalon.core.common.CommonExecutor.accessTestCaseMainPhase(CommonExecutor.java:65)
	at com.kms.katalon.core.main.TestSuiteExecutor.accessTestSuiteMainPhase(TestSuiteExecutor.java:148)
	at com.kms.katalon.core.main.TestSuiteExecutor.execute(TestSuiteExecutor.java:106)
	at com.kms.katalon.core.main.TestCaseMain.startTestSuite(TestCaseMain.java:187)
	at com.kms.katalon.core.main.TestCaseMain$startTestSuite$0.call(Unknown Source)
	at TempTestSuite1695656066659.run(TempTestSuite1695656066659.groovy:36)
)

2023-09-25 23:36:47 - [MESSAGE][INFO] - Unable to find the element located by 'By.xpath: (//a[contains(text(),'Blue Jeans')])[2]'. Please recheck the objects properties to make sure the desired element is located. 

2023-09-25 23:36:47 - [MESSAGE][WARNING] - com.kms.katalon.core.webui.exception.WebElementNotFoundException: Web element with id: 'Object Repository/Page_Demo Web Shop. Shopping Cart/a_Blue Jeans' located by '(//a[contains(text(),'Blue Jeans')])[2]' not found (Root cause: com.kms.katalon.core.exception.StepFailedException: com.kms.katalon.core.webui.exception.WebElementNotFoundException: Web element with id: 'Object Repository/Page_Demo Web Shop. Shopping Cart/a_Blue Jeans' located by '(//a[contains(text(),'Blue Jeans')])[2]' not found
	at com.kms.katalon.core.webui.keyword.internal.WebUIKeywordMain.stepFailed(WebUIKeywordMain.groovy:64)
	at com.kms.katalon.core.webui.keyword.builtin.VerifyElementPresentKeyword$_verifyElementPresent_closure1.doCall(VerifyElementPresentKeyword.groovy:85)
	at com.kms.katalon.core.webui.keyword.builtin.VerifyElementPresentKeyword$_verifyElementPresent_closure1.call(VerifyElementPresentKeyword.groovy)
	at com.kms.katalon.core.webui.keyword.internal.WebUIKeywordMain.runKeyword(WebUIKeywordMain.groovy:20)
	at com.kms.katalon.core.webui.keyword.builtin.VerifyElementPresentKeyword.verifyElementPresent(VerifyElementPresentKeyword.groovy:92)
	at com.kms.katalon.core.webui.keyword.builtin.VerifyElementPresentKeyword.execute(VerifyElementPresentKeyword.groovy:68)
	at com.kms.katalon.core.keyword.internal.KeywordExecutor.executeKeywordForPlatform(KeywordExecutor.groovy:74)
	at com.kms.katalon.core.webui.keyword.WebUiBuiltInKeywords.verifyElementPresent(WebUiBuiltInKeywords.groovy:1448)
	at com.kms.katalon.core.webui.keyword.WebUiBuiltInKeywords$verifyElementPresent$5.call(Unknown Source)
	at Clear Shopping Cart.run(Clear Shopping Cart:22)
	at com.kms.katalon.core.main.ScriptEngine.run(ScriptEngine.java:194)
	at com.kms.katalon.core.main.ScriptEngine.runScriptAsRawText(ScriptEngine.java:119)
	at com.kms.katalon.core.main.TestCaseExecutor.runScript(TestCaseExecutor.java:448)
	at com.kms.katalon.core.main.TestCaseExecutor.doExecute(TestCaseExecutor.java:439)
	at com.kms.katalon.core.main.TestCaseExecutor.processExecutionPhase(TestCaseExecutor.java:418)
	at com.kms.katalon.core.main.TestCaseExecutor.accessMainPhase(TestCaseExecutor.java:410)
	at com.kms.katalon.core.main.TestCaseExecutor.execute(TestCaseExecutor.java:285)
	at com.kms.katalon.core.main.TestCaseMain.runTestCase(TestCaseMain.java:144)
	at com.kms.katalon.core.keyword.builtin.CallTestCaseKeyword$_callTestCase_closure1.doCall(CallTestCaseKeyword.groovy:59)
	at com.kms.katalon.core.keyword.builtin.CallTestCaseKeyword$_callTestCase_closure1.call(CallTestCaseKeyword.groovy)
	at com.kms.katalon.core.keyword.internal.KeywordMain.runKeyword(KeywordMain.groovy:75)
	at com.kms.katalon.core.keyword.builtin.CallTestCaseKeyword.callTestCase(CallTestCaseKeyword.groovy:81)
	at com.kms.katalon.core.keyword.builtin.CallTestCaseKeyword.execute(CallTestCaseKeyword.groovy:44)
	at com.kms.katalon.core.keyword.internal.KeywordExecutor.executeKeywordForPlatform(KeywordExecutor.groovy:74)
	at com.kms.katalon.core.keyword.BuiltinKeywords.callTestCase(BuiltinKeywords.groovy:310)
	at Search Blue Jeans.run(Search Blue Jeans:22)
	at com.kms.katalon.core.main.ScriptEngine.run(ScriptEngine.java:194)
	at com.kms.katalon.core.main.ScriptEngine.runScriptAsRawText(ScriptEngine.java:119)
	at com.kms.katalon.core.main.TestCaseExecutor.runScript(TestCaseExecutor.java:448)
	at com.kms.katalon.core.main.TestCaseExecutor.doExecute(TestCaseExecutor.java:439)
	at com.kms.katalon.core.main.TestCaseExecutor.processExecutionPhase(TestCaseExecutor.java:418)
	at com.kms.katalon.core.main.TestCaseExecutor.accessMainPhase(TestCaseExecutor.java:410)
	at com.kms.katalon.core.main.TestCaseExecutor.execute(TestCaseExecutor.java:285)
	at com.kms.katalon.core.main.TestCaseMain.runTestCase(TestCaseMain.java:144)
	at com.kms.katalon.core.keyword.builtin.CallTestCaseKeyword$_callTestCase_closure1.doCall(CallTestCaseKeyword.groovy:59)
	at com.kms.katalon.core.keyword.builtin.CallTestCaseKeyword$_callTestCase_closure1.call(CallTestCaseKeyword.groovy)
	at com.kms.katalon.core.keyword.internal.KeywordMain.runKeyword(KeywordMain.groovy:75)
	at com.kms.katalon.core.keyword.builtin.CallTestCaseKeyword.callTestCase(CallTestCaseKeyword.groovy:81)
	at com.kms.katalon.core.keyword.builtin.CallTestCaseKeyword.execute(CallTestCaseKeyword.groovy:44)
	at com.kms.katalon.core.keyword.internal.KeywordExecutor.executeKeywordForPlatform(KeywordExecutor.groovy:74)
	at com.kms.katalon.core.keyword.BuiltinKeywords.callTestCase(BuiltinKeywords.groovy:310)
	at Add Blue Jeans.run(Add Blue Jeans:20)
	at com.kms.katalon.core.main.ScriptEngine.run(ScriptEngine.java:194)
	at com.kms.katalon.core.main.ScriptEngine.runScriptAsRawText(ScriptEngine.java:119)
	at com.kms.katalon.core.main.TestCaseExecutor.runScript(TestCaseExecutor.java:448)
	at com.kms.katalon.core.main.TestCaseExecutor.doExecute(TestCaseExecutor.java:439)
	at com.kms.katalon.core.main.TestCaseExecutor.processExecutionPhase(TestCaseExecutor.java:418)
	at com.kms.katalon.core.main.TestCaseExecutor.accessMainPhase(TestCaseExecutor.java:410)
	at com.kms.katalon.core.main.TestCaseExecutor.execute(TestCaseExecutor.java:285)
	at com.kms.katalon.core.main.TestCaseMain.runTestCase(TestCaseMain.java:144)
	at com.kms.katalon.core.keyword.builtin.CallTestCaseKeyword$_callTestCase_closure1.doCall(CallTestCaseKeyword.groovy:59)
	at com.kms.katalon.core.keyword.builtin.CallTestCaseKeyword$_callTestCase_closure1.call(CallTestCaseKeyword.groovy)
	at com.kms.katalon.core.keyword.internal.KeywordMain.runKeyword(KeywordMain.groovy:75)
	at com.kms.katalon.core.keyword.builtin.CallTestCaseKeyword.callTestCase(CallTestCaseKeyword.groovy:81)
	at com.kms.katalon.core.keyword.builtin.CallTestCaseKeyword.execute(CallTestCaseKeyword.groovy:44)
	at com.kms.katalon.core.keyword.internal.KeywordExecutor.executeKeywordForPlatform(KeywordExecutor.groovy:74)
	at com.kms.katalon.core.keyword.BuiltinKeywords.callTestCase(BuiltinKeywords.groovy:310)
	at Checkout Blue Jeans.run(Checkout Blue Jeans:20)
	at com.kms.katalon.core.main.ScriptEngine.run(ScriptEngine.java:194)
	at com.kms.katalon.core.main.ScriptEngine.runScriptAsRawText(ScriptEngine.java:119)
	at com.kms.katalon.core.main.TestCaseExecutor.runScript(TestCaseExecutor.java:448)
	at com.kms.katalon.core.main.TestCaseExecutor.doExecute(TestCaseExecutor.java:439)
	at com.kms.katalon.core.main.TestCaseExecutor.processExecutionPhase(TestCaseExecutor.java:418)
	at com.kms.katalon.core.main.TestCaseExecutor.accessMainPhase(TestCaseExecutor.java:410)
	at com.kms.katalon.core.main.TestCaseExecutor.execute(TestCaseExecutor.java:285)
	at com.kms.katalon.core.main.TestCaseMain.runTestCase(TestCaseMain.java:144)
	at com.kms.katalon.core.keyword.builtin.CallTestCaseKeyword$_callTestCase_closure1.doCall(CallTestCaseKeyword.groovy:59)
	at com.kms.katalon.core.keyword.builtin.CallTestCaseKeyword$_callTestCase_closure1.call(CallTestCaseKeyword.groovy)
	at com.kms.katalon.core.keyword.internal.KeywordMain.runKeyword(KeywordMain.groovy:75)
	at com.kms.katalon.core.keyword.builtin.CallTestCaseKeyword.callTestCase(CallTestCaseKeyword.groovy:81)
	at com.kms.katalon.core.keyword.builtin.CallTestCaseKeyword.execute(CallTestCaseKeyword.groovy:44)
	at com.kms.katalon.core.keyword.internal.KeywordExecutor.executeKeywordForPlatform(KeywordExecutor.groovy:74)
	at com.kms.katalon.core.keyword.BuiltinKeywords.callTestCase(BuiltinKeywords.groovy:310)
	at Select Billing Address.run(Select Billing Address:20)
	at com.kms.katalon.core.main.ScriptEngine.run(ScriptEngine.java:194)
	at com.kms.katalon.core.main.ScriptEngine.runScriptAsRawText(ScriptEngine.java:119)
	at com.kms.katalon.core.main.TestCaseExecutor.runScript(TestCaseExecutor.java:448)
	at com.kms.katalon.core.main.TestCaseExecutor.doExecute(TestCaseExecutor.java:439)
	at com.kms.katalon.core.main.TestCaseExecutor.processExecutionPhase(TestCaseExecutor.java:418)
	at com.kms.katalon.core.main.TestCaseExecutor.accessMainPhase(TestCaseExecutor.java:410)
	at com.kms.katalon.core.main.TestCaseExecutor.execute(TestCaseExecutor.java:285)
	at com.kms.katalon.core.main.TestCaseMain.runTestCase(TestCaseMain.java:144)
	at com.kms.katalon.core.keyword.builtin.CallTestCaseKeyword$_callTestCase_closure1.doCall(CallTestCaseKeyword.groovy:59)
	at com.kms.katalon.core.keyword.builtin.CallTestCaseKeyword$_callTestCase_closure1.call(CallTestCaseKeyword.groovy)
	at com.kms.katalon.core.keyword.internal.KeywordMain.runKeyword(KeywordMain.groovy:75)
	at com.kms.katalon.core.keyword.builtin.CallTestCaseKeyword.callTestCase(CallTestCaseKeyword.groovy:81)
	at com.kms.katalon.core.keyword.builtin.CallTestCaseKeyword.execute(CallTestCaseKeyword.groovy:44)
	at com.kms.katalon.core.keyword.internal.KeywordExecutor.executeKeywordForPlatform(KeywordExecutor.groovy:74)
	at com.kms.katalon.core.keyword.BuiltinKeywords.callTestCase(BuiltinKeywords.groovy:310)
	at Select Shipping Address.run(Select Shipping Address:20)
	at com.kms.katalon.core.main.ScriptEngine.run(ScriptEngine.java:194)
	at com.kms.katalon.core.main.ScriptEngine.runScriptAsRawText(ScriptEngine.java:119)
	at com.kms.katalon.core.main.TestCaseExecutor.runScript(TestCaseExecutor.java:448)
	at com.kms.katalon.core.main.TestCaseExecutor.doExecute(TestCaseExecutor.java:439)
	at com.kms.katalon.core.main.TestCaseExecutor.processExecutionPhase(TestCaseExecutor.java:418)
	at com.kms.katalon.core.main.TestCaseExecutor.accessMainPhase(TestCaseExecutor.java:410)
	at com.kms.katalon.core.main.TestCaseExecutor.execute(TestCaseExecutor.java:285)
	at com.kms.katalon.core.main.TestCaseMain.runTestCase(TestCaseMain.java:144)
	at com.kms.katalon.core.keyword.builtin.CallTestCaseKeyword$_callTestCase_closure1.doCall(CallTestCaseKeyword.groovy:59)
	at com.kms.katalon.core.keyword.builtin.CallTestCaseKeyword$_callTestCase_closure1.call(CallTestCaseKeyword.groovy)
	at com.kms.katalon.core.keyword.internal.KeywordMain.runKeyword(KeywordMain.groovy:75)
	at com.kms.katalon.core.keyword.builtin.CallTestCaseKeyword.callTestCase(CallTestCaseKeyword.groovy:81)
	at com.kms.katalon.core.keyword.builtin.CallTestCaseKeyword.execute(CallTestCaseKeyword.groovy:44)
	at com.kms.katalon.core.keyword.internal.KeywordExecutor.executeKeywordForPlatform(KeywordExecutor.groovy:74)
	at com.kms.katalon.core.keyword.BuiltinKeywords.callTestCase(BuiltinKeywords.groovy:310)
	at Select Payment Method.run(Select Payment Method:20)
	at com.kms.katalon.core.main.ScriptEngine.run(ScriptEngine.java:194)
	at com.kms.katalon.core.main.ScriptEngine.runScriptAsRawText(ScriptEngine.java:119)
	at com.kms.katalon.core.main.TestCaseExecutor.runScript(TestCaseExecutor.java:448)
	at com.kms.katalon.core.main.TestCaseExecutor.doExecute(TestCaseExecutor.java:439)
	at com.kms.katalon.core.main.TestCaseExecutor.processExecutionPhase(TestCaseExecutor.java:418)
	at com.kms.katalon.core.main.TestCaseExecutor.accessMainPhase(TestCaseExecutor.java:410)
	at com.kms.katalon.core.main.TestCaseExecutor.execute(TestCaseExecutor.java:285)
	at com.kms.katalon.core.main.TestCaseMain.runTestCase(TestCaseMain.java:144)
	at com.kms.katalon.core.keyword.builtin.CallTestCaseKeyword$_callTestCase_closure1.doCall(CallTestCaseKeyword.groovy:59)
	at com.kms.katalon.core.keyword.builtin.CallTestCaseKeyword$_callTestCase_closure1.call(CallTestCaseKeyword.groovy)
	at com.kms.katalon.core.keyword.internal.KeywordMain.runKeyword(KeywordMain.groovy:75)
	at com.kms.katalon.core.keyword.builtin.CallTestCaseKeyword.callTestCase(CallTestCaseKeyword.groovy:81)
	at com.kms.katalon.core.keyword.builtin.CallTestCaseKeyword.execute(CallTestCaseKeyword.groovy:44)
	at com.kms.katalon.core.keyword.internal.KeywordExecutor.executeKeywordForPlatform(KeywordExecutor.groovy:74)
	at com.kms.katalon.core.keyword.BuiltinKeywords.callTestCase(BuiltinKeywords.groovy:310)
	at Enter Payment Information.run(Enter Payment Information:20)
	at com.kms.katalon.core.main.ScriptEngine.run(ScriptEngine.java:194)
	at com.kms.katalon.core.main.ScriptEngine.runScriptAsRawText(ScriptEngine.java:119)
	at com.kms.katalon.core.main.TestCaseExecutor.runScript(TestCaseExecutor.java:448)
	at com.kms.katalon.core.main.TestCaseExecutor.doExecute(TestCaseExecutor.java:439)
	at com.kms.katalon.core.main.TestCaseExecutor.processExecutionPhase(TestCaseExecutor.java:418)
	at com.kms.katalon.core.main.TestCaseExecutor.accessMainPhase(TestCaseExecutor.java:410)
	at com.kms.katalon.core.main.TestCaseExecutor.execute(TestCaseExecutor.java:285)
	at com.kms.katalon.core.main.TestCaseMain.runTestCase(TestCaseMain.java:144)
	at com.kms.katalon.core.keyword.builtin.CallTestCaseKeyword$_callTestCase_closure1.doCall(CallTestCaseKeyword.groovy:59)
	at com.kms.katalon.core.keyword.builtin.CallTestCaseKeyword$_callTestCase_closure1.call(CallTestCaseKeyword.groovy)
	at com.kms.katalon.core.keyword.internal.KeywordMain.runKeyword(KeywordMain.groovy:75)
	at com.kms.katalon.core.keyword.builtin.CallTestCaseKeyword.callTestCase(CallTestCaseKeyword.groovy:81)
	at com.kms.katalon.core.keyword.builtin.CallTestCaseKeyword.execute(CallTestCaseKeyword.groovy:44)
	at com.kms.katalon.core.keyword.internal.KeywordExecutor.executeKeywordForPlatform(KeywordExecutor.groovy:74)
	at com.kms.katalon.core.keyword.BuiltinKeywords.callTestCase(BuiltinKeywords.groovy:310)
	at Confirm Order.run(Confirm Order:20)
	at com.kms.katalon.core.main.ScriptEngine.run(ScriptEngine.java:194)
	at com.kms.katalon.core.main.ScriptEngine.runScriptAsRawText(ScriptEngine.java:119)
	at com.kms.katalon.core.main.TestCaseExecutor.runScript(TestCaseExecutor.java:448)
	at com.kms.katalon.core.main.TestCaseExecutor.doExecute(TestCaseExecutor.java:439)
	at com.kms.katalon.core.main.TestCaseExecutor.processExecutionPhase(TestCaseExecutor.java:418)
	at com.kms.katalon.core.main.TestCaseExecutor.accessMainPhase(TestCaseExecutor.java:410)
	at com.kms.katalon.core.main.TestCaseExecutor.execute(TestCaseExecutor.java:285)
	at com.kms.katalon.core.common.CommonExecutor.accessTestCaseMainPhase(CommonExecutor.java:65)
	at com.kms.katalon.core.main.TestSuiteExecutor.accessTestSuiteMainPhase(TestSuiteExecutor.java:148)
	at com.kms.katalon.core.main.TestSuiteExecutor.execute(TestSuiteExecutor.java:106)
	at com.kms.katalon.core.main.TestCaseMain.startTestSuite(TestCaseMain.java:187)
	at com.kms.katalon.core.main.TestCaseMain$startTestSuite$0.call(Unknown Source)
	at TempTestSuite1695656066659.run(TempTestSuite1695656066659.groovy:36)
)
[[ATTACHMENT|C:\\Users\\jan.mark.p.caratao\\git\\DemoWebShop\\Reports\\20230925_233420\\Checkout Blue Jeans\\20230925_233426\\1695656207481.png]]

2023-09-25 23:36:47 - [MESSAGE][PASSED] - Call Test Case 'Test Cases/Clear Shopping Cart' successfully

2023-09-25 23:36:47 - [TEST_STEP][PASSED] - setText(findTestObject("Object Repository/Page_Demo Web Shop/input_You have no items in your shopping cart_q"), "Blue Jeans"): Text 'Blue Jeans' is set on object 'Object Repository/Page_Demo Web Shop/input_You have no items in your shopping cart_q'

2023-09-25 23:36:48 - [MESSAGE][PASSED] - Text 'Blue Jeans' is set on object 'Object Repository/Page_Demo Web Shop/input_You have no items in your shopping cart_q'

2023-09-25 23:36:48 - [TEST_STEP][PASSED] - click(findTestObject("Object Repository/Page_Demo Web Shop/input_You have no items in your shopping ca_bc5dba")): Object: 'Object Repository/Page_Demo Web Shop/input_You have no items in your shopping ca_bc5dba' is clicked on

2023-09-25 23:36:49 - [MESSAGE][PASSED] - Object: 'Object Repository/Page_Demo Web Shop/input_You have no items in your shopping ca_bc5dba' is clicked on

2023-09-25 23:36:49 - [TEST_STEP][PASSED] - navigateToUrl("https://demowebshop.tricentis.com/search?q=Blue+Jeans"): Navigate to 'https://demowebshop.tricentis.com/search?q=Blue+Jeans' successfully

2023-09-25 23:36:50 - [MESSAGE][PASSED] - Navigate to 'https://demowebshop.tricentis.com/search?q=Blue+Jeans' successfully

2023-09-25 23:36:50 - [TEST_STEP][PASSED] - verifyElementText(findTestObject("Object Repository/Page_Demo Web Shop. Search/h1_Search"), "Search"): Actual text and expected text of test object 'Object Repository/Page_Demo Web Shop. Search/h1_Search' are matched.

2023-09-25 23:36:50 - [MESSAGE][PASSED] - Actual text and expected text of test object 'Object Repository/Page_Demo Web Shop. Search/h1_Search' are matched.

2023-09-25 23:36:50 - [TEST_STEP][PASSED] - verifyElementPresent(findTestObject("Object Repository/Page_Demo Web Shop. Search/img"), 0): Object 'Object Repository/Page_Demo Web Shop. Search/img' is present

2023-09-25 23:36:50 - [MESSAGE][WARNING] - Timeout '0' is invalid. Using default page load timeout: '30'

2023-09-25 23:36:51 - [MESSAGE][PASSED] - Object 'Object Repository/Page_Demo Web Shop. Search/img' is present

2023-09-25 23:36:51 - [TEST_STEP][PASSED] - verifyElementPresent(findTestObject("Object Repository/Page_Demo Web Shop. Search/a_Blue Jeans"), 0): Object 'Object Repository/Page_Demo Web Shop. Search/a_Blue Jeans' is present

2023-09-25 23:36:51 - [MESSAGE][WARNING] - Timeout '0' is invalid. Using default page load timeout: '30'

2023-09-25 23:36:51 - [MESSAGE][PASSED] - Object 'Object Repository/Page_Demo Web Shop. Search/a_Blue Jeans' is present

2023-09-25 23:36:51 - [MESSAGE][PASSED] - Call Test Case 'Test Cases/Search Blue Jeans' successfully

2023-09-25 23:36:51 - [TEST_STEP][PASSED] - click(findTestObject("Object Repository/Page_Demo Web Shop. Search/input_Jeans_button-2 product-box-add-to-car_50ee1e")): Object: 'Object Repository/Page_Demo Web Shop. Search/input_Jeans_button-2 product-box-add-to-car_50ee1e' is clicked on

2023-09-25 23:36:51 - [MESSAGE][PASSED] - Object: 'Object Repository/Page_Demo Web Shop. Search/input_Jeans_button-2 product-box-add-to-car_50ee1e' is clicked on

2023-09-25 23:36:51 - [TEST_STEP][PASSED] - delay(10): Delayed 10 second(s)

2023-09-25 23:37:01 - [MESSAGE][PASSED] - Delayed 10 second(s)

2023-09-25 23:37:01 - [TEST_STEP][PASSED] - click(findTestObject("Object Repository/Page_Demo Web Shop. Search/span_Shopping cart")): Object: 'Object Repository/Page_Demo Web Shop. Search/span_Shopping cart' is clicked on

2023-09-25 23:37:03 - [MESSAGE][PASSED] - Object: 'Object Repository/Page_Demo Web Shop. Search/span_Shopping cart' is clicked on

2023-09-25 23:37:03 - [TEST_STEP][PASSED] - navigateToUrl("https://demowebshop.tricentis.com/cart"): Navigate to 'https://demowebshop.tricentis.com/cart' successfully

2023-09-25 23:37:03 - [MESSAGE][PASSED] - Navigate to 'https://demowebshop.tricentis.com/cart' successfully

2023-09-25 23:37:03 - [TEST_STEP][PASSED] - verifyElementText(findTestObject("Object Repository/Page_Demo Web Shop. Shopping Cart/h1_Shopping cart"), "Shopping cart"): Actual text and expected text of test object 'Object Repository/Page_Demo Web Shop. Shopping Cart/h1_Shopping cart' are matched.

2023-09-25 23:37:04 - [MESSAGE][PASSED] - Actual text and expected text of test object 'Object Repository/Page_Demo Web Shop. Shopping Cart/h1_Shopping cart' are matched.

2023-09-25 23:37:04 - [TEST_STEP][PASSED] - verifyElementPresent(findTestObject("Object Repository/Page_Demo Web Shop. Shopping Cart/a_Blue Jeans"), 0): Object 'Object Repository/Page_Demo Web Shop. Shopping Cart/a_Blue Jeans' is present

2023-09-25 23:37:04 - [MESSAGE][WARNING] - Timeout '0' is invalid. Using default page load timeout: '30'

2023-09-25 23:37:04 - [MESSAGE][PASSED] - Object 'Object Repository/Page_Demo Web Shop. Shopping Cart/a_Blue Jeans' is present

2023-09-25 23:37:04 - [MESSAGE][PASSED] - Call Test Case 'Test Cases/Add Blue Jeans' successfully

2023-09-25 23:37:04 - [TEST_STEP][PASSED] - click(findTestObject("Object Repository/Page_Demo Web Shop. Shopping Cart/input_I agree with the terms of service and_f529a0")): Object: 'Object Repository/Page_Demo Web Shop. Shopping Cart/input_I agree with the terms of service and_f529a0' is clicked on

2023-09-25 23:37:04 - [MESSAGE][PASSED] - Object: 'Object Repository/Page_Demo Web Shop. Shopping Cart/input_I agree with the terms of service and_f529a0' is clicked on

2023-09-25 23:37:04 - [TEST_STEP][PASSED] - click(findTestObject("Object Repository/Page_Demo Web Shop. Shopping Cart/button_Checkout")): Object: 'Object Repository/Page_Demo Web Shop. Shopping Cart/button_Checkout' is clicked on

2023-09-25 23:37:06 - [MESSAGE][PASSED] - Object: 'Object Repository/Page_Demo Web Shop. Shopping Cart/button_Checkout' is clicked on

2023-09-25 23:37:06 - [TEST_STEP][PASSED] - verifyElementPresent(findTestObject("Object Repository/Page_Demo Web Shop. Checkout/h1_Checkout"), 0): Object 'Object Repository/Page_Demo Web Shop. Checkout/h1_Checkout' is present

2023-09-25 23:37:06 - [MESSAGE][WARNING] - Timeout '0' is invalid. Using default page load timeout: '30'

2023-09-25 23:37:07 - [MESSAGE][PASSED] - Object 'Object Repository/Page_Demo Web Shop. Checkout/h1_Checkout' is present

2023-09-25 23:37:07 - [MESSAGE][PASSED] - Call Test Case 'Test Cases/Checkout Blue Jeans' successfully

2023-09-25 23:37:07 - [TEST_STEP][PASSED] - click(findTestObject("Page_Demo Web Shop. Checkout/btnContinueBillingAddress")): Object: 'Object Repository/Page_Demo Web Shop. Checkout/btnContinueBillingAddress' is clicked on

2023-09-25 23:37:07 - [MESSAGE][PASSED] - Object: 'Object Repository/Page_Demo Web Shop. Checkout/btnContinueBillingAddress' is clicked on

2023-09-25 23:37:07 - [TEST_STEP][PASSED] - verifyElementPresent(findTestObject("Object Repository/Page_Demo Web Shop. Checkout/label_Select a shipping address from your a_0e5e9b"), 0): Object 'Object Repository/Page_Demo Web Shop. Checkout/label_Select a shipping address from your a_0e5e9b' is present

2023-09-25 23:37:07 - [MESSAGE][WARNING] - Timeout '0' is invalid. Using default page load timeout: '30'

2023-09-25 23:37:08 - [MESSAGE][PASSED] - Object 'Object Repository/Page_Demo Web Shop. Checkout/label_Select a shipping address from your a_0e5e9b' is present

2023-09-25 23:37:08 - [MESSAGE][PASSED] - Call Test Case 'Test Cases/Select Billing Address' successfully

2023-09-25 23:37:08 - [TEST_STEP][PASSED] - click(findTestObject("Object Repository/Page_Demo Web Shop. Checkout/input_Fax number_PickUpInStore")): Object: 'Object Repository/Page_Demo Web Shop. Checkout/input_Fax number_PickUpInStore' is clicked on

2023-09-25 23:37:09 - [MESSAGE][PASSED] - Object: 'Object Repository/Page_Demo Web Shop. Checkout/input_Fax number_PickUpInStore' is clicked on

2023-09-25 23:37:09 - [TEST_STEP][PASSED] - click(findTestObject("Page_Demo Web Shop. Checkout/btnContinueShippingAddress")): Object: 'Object Repository/Page_Demo Web Shop. Checkout/btnContinueShippingAddress' is clicked on

2023-09-25 23:37:09 - [MESSAGE][PASSED] - Object: 'Object Repository/Page_Demo Web Shop. Checkout/btnContinueShippingAddress' is clicked on

2023-09-25 23:37:09 - [TEST_STEP][PASSED] - waitForElementPresent(findTestObject("Object Repository/Page_Demo Web Shop. Checkout/label_Cash On Delivery (COD) (7.00)"), 0): Object 'Object Repository/Page_Demo Web Shop. Checkout/label_Cash On Delivery (COD) (7.00)' is present

2023-09-25 23:37:09 - [MESSAGE][WARNING] - Timeout '0' is invalid. Using default page load timeout: '30'

2023-09-25 23:37:10 - [MESSAGE][PASSED] - Object 'Object Repository/Page_Demo Web Shop. Checkout/label_Cash On Delivery (COD) (7.00)' is present

2023-09-25 23:37:10 - [MESSAGE][PASSED] - Call Test Case 'Test Cases/Select Shipping Address' successfully

2023-09-25 23:37:10 - [TEST_STEP][PASSED] - click(findTestObject("Object Repository/Page_Demo Web Shop. Checkout/input_Check  Money Order (5.00)_paymentmethod")): Object: 'Object Repository/Page_Demo Web Shop. Checkout/input_Check  Money Order (5.00)_paymentmethod' is clicked on

2023-09-25 23:37:10 - [MESSAGE][PASSED] - Object: 'Object Repository/Page_Demo Web Shop. Checkout/input_Check  Money Order (5.00)_paymentmethod' is clicked on

2023-09-25 23:37:10 - [TEST_STEP][PASSED] - click(findTestObject("Page_Demo Web Shop. Checkout/btnContinuePaymentMethod")): Object: 'Object Repository/Page_Demo Web Shop. Checkout/btnContinuePaymentMethod' is clicked on

2023-09-25 23:37:11 - [MESSAGE][PASSED] - Object: 'Object Repository/Page_Demo Web Shop. Checkout/btnContinuePaymentMethod' is clicked on

2023-09-25 23:37:11 - [TEST_STEP][PASSED] - waitForElementPresent(findTestObject("Object Repository/Page_Demo Web Shop. Checkout/label_Select credit card"), 0): Object 'Object Repository/Page_Demo Web Shop. Checkout/label_Select credit card' is present

2023-09-25 23:37:11 - [MESSAGE][WARNING] - Timeout '0' is invalid. Using default page load timeout: '30'

2023-09-25 23:37:12 - [MESSAGE][PASSED] - Object 'Object Repository/Page_Demo Web Shop. Checkout/label_Select credit card' is present

2023-09-25 23:37:12 - [MESSAGE][PASSED] - Call Test Case 'Test Cases/Select Payment Method' successfully

2023-09-25 23:37:12 - [TEST_STEP][PASSED] - selectOptionByValue(findTestObject("Object Repository/Page_Demo Web Shop. Checkout/select_VisaMaster cardDiscoverAmex"), "Visa", true): All options with value 'Visa' are selected in object 'Object Repository/Page_Demo Web Shop. Checkout/select_VisaMaster cardDiscoverAmex'  using regular expression

2023-09-25 23:37:13 - [MESSAGE][PASSED] - All options with value 'Visa' are selected in object 'Object Repository/Page_Demo Web Shop. Checkout/select_VisaMaster cardDiscoverAmex'  using regular expression

2023-09-25 23:37:13 - [TEST_STEP][PASSED] - setText(findTestObject("Object Repository/Page_Demo Web Shop. Checkout/input_Cardholder name_CardholderName"), "Johnny Bravo"): Text 'Johnny Bravo' is set on object 'Object Repository/Page_Demo Web Shop. Checkout/input_Cardholder name_CardholderName'

2023-09-25 23:37:14 - [MESSAGE][PASSED] - Text 'Johnny Bravo' is set on object 'Object Repository/Page_Demo Web Shop. Checkout/input_Cardholder name_CardholderName'

2023-09-25 23:37:14 - [TEST_STEP][PASSED] - setText(findTestObject("Object Repository/Page_Demo Web Shop. Checkout/input_Card number_CardNumber"), "1111222233334444"): Text '1111222233334444' is set on object 'Object Repository/Page_Demo Web Shop. Checkout/input_Card number_CardNumber'

2023-09-25 23:37:14 - [MESSAGE][PASSED] - Text '1111222233334444' is set on object 'Object Repository/Page_Demo Web Shop. Checkout/input_Card number_CardNumber'

2023-09-25 23:37:14 - [TEST_STEP][PASSED] - selectOptionByValue(findTestObject("Object Repository/Page_Demo Web Shop. Checkout/select_202320242025202620272028202920302031_99023a"), "2023", true): All options with value '2023' are selected in object 'Object Repository/Page_Demo Web Shop. Checkout/select_202320242025202620272028202920302031_99023a'  using regular expression

2023-09-25 23:37:16 - [MESSAGE][PASSED] - All options with value '2023' are selected in object 'Object Repository/Page_Demo Web Shop. Checkout/select_202320242025202620272028202920302031_99023a'  using regular expression

2023-09-25 23:37:16 - [TEST_STEP][PASSED] - selectOptionByValue(findTestObject("Object Repository/Page_Demo Web Shop. Checkout/select_202320242025202620272028202920302031_99023a"), "2025", true): All options with value '2025' are selected in object 'Object Repository/Page_Demo Web Shop. Checkout/select_202320242025202620272028202920302031_99023a'  using regular expression

2023-09-25 23:37:17 - [MESSAGE][PASSED] - All options with value '2025' are selected in object 'Object Repository/Page_Demo Web Shop. Checkout/select_202320242025202620272028202920302031_99023a'  using regular expression

2023-09-25 23:37:17 - [TEST_STEP][PASSED] - setText(findTestObject("Object Repository/Page_Demo Web Shop. Checkout/input_Card code_CardCode"), "123"): Text '123' is set on object 'Object Repository/Page_Demo Web Shop. Checkout/input_Card code_CardCode'

2023-09-25 23:37:18 - [MESSAGE][PASSED] - Text '123' is set on object 'Object Repository/Page_Demo Web Shop. Checkout/input_Card code_CardCode'

2023-09-25 23:37:18 - [TEST_STEP][PASSED] - click(findTestObject("Object Repository/Page_Demo Web Shop. Checkout/btnContinueEnterPaymentInformation")): Object: 'Object Repository/Page_Demo Web Shop. Checkout/btnContinueEnterPaymentInformation' is clicked on

2023-09-25 23:37:18 - [MESSAGE][PASSED] - Object: 'Object Repository/Page_Demo Web Shop. Checkout/btnContinueEnterPaymentInformation' is clicked on

2023-09-25 23:37:18 - [TEST_STEP][PASSED] - waitForElementPresent(findTestObject("Object Repository/Page_Demo Web Shop. Checkout/strong_Billing Address"), 0): Object 'Object Repository/Page_Demo Web Shop. Checkout/strong_Billing Address' is present

2023-09-25 23:37:18 - [MESSAGE][WARNING] - Timeout '0' is invalid. Using default page load timeout: '30'

2023-09-25 23:37:19 - [MESSAGE][PASSED] - Object 'Object Repository/Page_Demo Web Shop. Checkout/strong_Billing Address' is present

2023-09-25 23:37:19 - [MESSAGE][PASSED] - Call Test Case 'Test Cases/Enter Payment Information' successfully

2023-09-25 23:37:19 - [TEST_STEP][PASSED] - click(findTestObject("Page_Demo Web Shop. Checkout/btnContinueConfirmOrder")): Object: 'Object Repository/Page_Demo Web Shop. Checkout/btnContinueConfirmOrder' is clicked on

2023-09-25 23:37:19 - [MESSAGE][PASSED] - Object: 'Object Repository/Page_Demo Web Shop. Checkout/btnContinueConfirmOrder' is clicked on

2023-09-25 23:37:19 - [TEST_STEP][PASSED] - verifyElementPresent(findTestObject("Object Repository/Page_Demo Web Shop. Checkout/strong_Your order has been successfully processed"), 0): Object 'Object Repository/Page_Demo Web Shop. Checkout/strong_Your order has been successfully processed' is present

2023-09-25 23:37:20 - [MESSAGE][WARNING] - Timeout '0' is invalid. Using default page load timeout: '30'

2023-09-25 23:37:21 - [MESSAGE][PASSED] - Object 'Object Repository/Page_Demo Web Shop. Checkout/strong_Your order has been successfully processed' is present

2023-09-25 23:37:21 - [TEST_STEP][PASSED] - closeBrowser(): Browser is closed

2023-09-25 23:37:22 - [MESSAGE][PASSED] - Browser is closed]]></system-out>
         <system-err><![CDATA[]]></system-err>
      </testcase>
      <system-out><![CDATA[2023-09-25 23:36:25 - [TEST_SUITE][PASSED] - Checkout Blue Jeans: Test Cases/Confirm Order]]></system-out>
      <system-err><![CDATA[]]></system-err>
   </testsuite>
</testsuites>
